
checkpoint: Part of the Reproducible R Toolkit from Microsoft
https://mran.microsoft.com/documents/rro/reproducibility/
Scanning for packages used in this project
- Discovered 10 packages
All detected packages already installed
checkpoint process complete
---
Loading required package: methods

Attaching package: ‘dplyr’

The following objects are masked from ‘package:dbplyr’:

    ident, sql

The following objects are masked from ‘package:stats’:

    filter, lag

The following objects are masked from ‘package:base’:

    intersect, setdiff, setequal, union

[1] "./scripts/metrics/lead_halfcourt_metric.R"
Scanning for packages used in this project
- Discovered 10 packages
All detected packages already installed
checkpoint process complete
---
Using an auto-discovered, cached token.
To suppress this message, modify your code or options to clearly consent to the use of a cached token.
See gargle's "Non-interactive auth" vignette for more details:
https://gargle.r-lib.org/articles/non-interactive-auth.html
The bigrquery package is using a cached token for aelborolosy@nba.com.
[1] "./scripts/metrics/lead_transition_metric.R"
Scanning for packages used in this project
- Discovered 10 packages
All detected packages already installed
checkpoint process complete
---
Scanning for packages used in this project
- Discovered 10 packages
All detected packages already installed
checkpoint process complete
---
Joining, by = c("gameDate", "gameId", "possNum", "playerId")
[1] "./scripts/metrics/slot_ft_line_metric.R"
Scanning for packages used in this project
- Discovered 10 packages
All detected packages already installed
checkpoint process complete
---
Joining, by = c("gameId", "possNum")
Joining, by = c("gameId", "possNum", "playerId")
[1] "./scripts/metrics/slot_transition_metric.R"
Scanning for packages used in this project
- Discovered 10 packages
All detected packages already installed
checkpoint process complete
---
Joining, by = c("gameDate", "gameId", "possNum", "playerId")
[1] "./scripts/metrics/trail_halfcourt_metric.R"
Scanning for packages used in this project
- Discovered 10 packages
All detected packages already installed
checkpoint process complete
---
Joining, by = c("gameDate", "gameId", "possNum")
[1] "./scripts/metrics/trail_retreating_metric.R"
Scanning for packages used in this project
- Discovered 10 packages
All detected packages already installed
checkpoint process complete
---
Joining, by = c("gameDate", "gameId", "period", "possNum", "playerId", "basketX")
[1] "./scripts/metrics/trail_transition_metric.R"
Scanning for packages used in this project
- Discovered 10 packages
All detected packages already installed
checkpoint process complete
---
Joining, by = c("gameDate", "gameId", "possNum")
[1] "./data/lead_halfcourt_games.csv"
Parsed with column specification:
cols(
  gameId = [31mcol_character()[39m,
  playerId = [32mcol_double()[39m,
  avg_dist_lead_basket = [32mcol_double()[39m
)
[1] "./data/lead_halfcourt_season.csv"
Parsed with column specification:
cols(
  season = [31mcol_character()[39m,
  playerId = [32mcol_double()[39m,
  avg_dist_lead_basket = [32mcol_double()[39m
)
[1] "./data/lead_transition_games.csv"
Parsed with column specification:
cols(
  gameId = [31mcol_character()[39m,
  playerId = [32mcol_double()[39m,
  time_to_baseline = [32mcol_double()[39m
)
Joining, by = c("gameId", "playerId")
[1] "./data/lead_transition_season.csv"
Parsed with column specification:
cols(
  season = [31mcol_character()[39m,
  playerId = [32mcol_double()[39m,
  time_to_baseline = [32mcol_double()[39m
)
Joining, by = c("season", "playerId")
[1] "./data/slot_ft_line_game.csv"
Parsed with column specification:
cols(
  gameId = [31mcol_character()[39m,
  playerId = [32mcol_double()[39m,
  perc_time_by_ft_line_ext = [32mcol_double()[39m
)
[1] "./data/slot_ft_line_season.csv"
Parsed with column specification:
cols(
  season = [31mcol_character()[39m,
  playerId = [32mcol_double()[39m,
  perc_time_by_ft_line_ext = [32mcol_double()[39m
)
Joining, by = c("season", "playerId")
[1] "./data/slot_transition_games.csv"
Parsed with column specification:
cols(
  gameId = [31mcol_character()[39m,
  playerId = [32mcol_double()[39m,
  distance_from_pack = [32mcol_double()[39m
)
Joining, by = c("gameId", "playerId")
[1] "./data/slot_transition_season.csv"
Parsed with column specification:
cols(
  season = [31mcol_character()[39m,
  playerId = [32mcol_double()[39m,
  distance_from_pack = [32mcol_double()[39m
)
Joining, by = c("season", "playerId")
[1] "./data/trail_halfcourt_games.csv"
Parsed with column specification:
cols(
  gameId = [31mcol_character()[39m,
  playerId = [32mcol_double()[39m,
  perc_time_in_position_halfcourt = [32mcol_double()[39m
)
Joining, by = c("gameId", "playerId")
[1] "./data/trail_halfcourt_season.csv"
Parsed with column specification:
cols(
  season = [31mcol_character()[39m,
  playerId = [32mcol_double()[39m,
  perc_time_in_position_halfcourt = [32mcol_double()[39m
)
Joining, by = c("season", "playerId")
[1] "./data/trail_retreating_games.csv"
Parsed with column specification:
cols(
  gameId = [31mcol_character()[39m,
  playerId = [32mcol_double()[39m,
  perc_poss_quit = [32mcol_double()[39m
)
Joining, by = c("gameId", "playerId")
[1] "./data/trail_retreating_season.csv"
Parsed with column specification:
cols(
  season = [31mcol_character()[39m,
  playerId = [32mcol_double()[39m,
  perc_poss_quit = [32mcol_double()[39m
)
Joining, by = c("season", "playerId")
[1] "./data/trail_transition_games.csv"
Parsed with column specification:
cols(
  gameId = [31mcol_character()[39m,
  playerId = [32mcol_double()[39m,
  perc_time_in_position_transition = [32mcol_double()[39m
)
Joining, by = c("gameId", "playerId")
[1] "./data/trail_transition_season.csv"
Parsed with column specification:
cols(
  season = [31mcol_character()[39m,
  playerId = [32mcol_double()[39m,
  perc_time_in_position_transition = [32mcol_double()[39m
)
Joining, by = c("season", "playerId")
Joining, by = "playerId"
Joining, by = "playerId"
[1] "Process run successfully on 2021-01-04 15:41:15"
Error: unexpected ',' in ","
Execution halted
